Arguments: 
  /usr/local/bin/node /usr/local/bin/yarn

PATH: 
  /usr/local/bin:/usr/bin:/bin:/usr/sbin:/sbin

Yarn version: 
  1.22.10

Node version: 
  14.15.1

Platform: 
  darwin x64

Trace: 
  SyntaxError: /Users/dudleyd/GIT/Learning/AOC-2020/package.json: Unexpected token } in JSON at position 802
      at JSON.parse (<anonymous>)
      at /usr/local/lib/node_modules/yarn/lib/cli.js:1625:59
      at Generator.next (<anonymous>)
      at step (/usr/local/lib/node_modules/yarn/lib/cli.js:310:30)
      at /usr/local/lib/node_modules/yarn/lib/cli.js:321:13

npm manifest: 
  {
      "name": "advent-of-code-2020",
      "version": "2020",
      "author": "David Dudley",
      "scripts": {
        "lint": "prettier . --write",
        "test": "jest"
      },
      "husky": {
        "hooks": {
          "pre-commit": "lint-staged"
        }
      },
      "lint-staged": {
        "*.ts": [
          "prettier --write"
        ],
        "package.json": [
          "sort-package-json"
        ]
      },
      "devDependencies": {
        "@babel/core": "^7.12.9",
        "@babel/preset-env": "^7.12.7",
        "@babel/preset-typescript": "^7.12.7",
        "@types/jest": "^26.0.15",
        "babel-jest": "^26.6.3",
        "chalk": "^4.1.0",
        "husky": "^4.3.0",
        "jest": "^26.6.3",
        "lint-staged": "^10.5.2",
        "prettier": "^2.2.1",
        "sort-package-json": "^1.48.0",
        "ts-node": "^9.0.0",
      }
    }

yarn manifest: 
  No manifest

Lockfile: 
  No lockfile
